Using pre-set license
Built from '2021.1/release' branch; Version is '2021.1.4f1 (4cd64a618c1b) revision 5035594'; Using compiler version '192528614'; Build Type 'Release'
OS: 'Windows 10 Home; OS build 19042.1288; Version 2009; 64bit' Language: 'en' Physical Memory: 32610 MB
BatchMode: 1, IsHumanControllingUs: 0, StartBugReporterOnCrash: 0, Is64bit: 1, IsPro: 0

 COMMAND LINE ARGUMENTS:
D:\Unity Editors\Editor\Unity.exe
-adb2
-batchMode
-noUpm
-name
AssetImportWorker0
-projectPath
D:/AGD-Assignment/Sneckz
-logFile
Logs/AssetImportWorker0.log
-srvPort
55803
Successfully changed project path to: D:/AGD-Assignment/Sneckz
D:/AGD-Assignment/Sneckz
Using Asset Import Pipeline V2.
Refreshing native plugins compatible for Editor in 477.11 ms, found 1 plugins.
Preloading 0 native plugins for Editor in 0.00 ms.
Initialize engine version: 2021.1.4f1 (4cd64a618c1b)
[Subsystems] Discovering subsystems at path D:/Unity Editors/Editor/Data/Resources/UnitySubsystems
[Subsystems] Discovering subsystems at path D:/AGD-Assignment/Sneckz/Assets
GfxDevice: creating device client; threaded=0; jobified=0
Direct3D:
    Version:  Direct3D 11.0 [level 11.1]
    Renderer: NVIDIA GeForce GTX 1060 (ID=0x1c20)
    Vendor:   NVIDIA
    VRAM:     6052 MB
    Driver:   30.0.14.7212
Initialize mono
Mono path[0] = 'D:/Unity Editors/Editor/Data/Managed'
Mono path[1] = 'D:/Unity Editors/Editor/Data/MonoBleedingEdge/lib/mono/unityjit'
Mono config path = 'D:/Unity Editors/Editor/Data/MonoBleedingEdge/etc'
Using monoOptions --debugger-agent=transport=dt_socket,embedding=1,server=y,suspend=n,address=127.0.0.1:56888
Begin MonoManager ReloadAssembly
Registering precompiled unity dll's ...
Register platform support module: D:/Unity Editors/Editor/Data/PlaybackEngines/WindowsStandaloneSupport/UnityEditor.WindowsStandalone.Extensions.dll
Registered in 0.006843 seconds.
Native extension for WindowsStandalone target not found
Refreshing native plugins compatible for Editor in 475.23 ms, found 1 plugins.
Preloading 0 native plugins for Editor in 0.00 ms.
Mono: successfully reloaded assembly
- Completed reload, in  8.045 seconds
Platform modules already initialized, skipping
Registering precompiled user dll's ...
Registered in 0.026314 seconds.
Begin MonoManager ReloadAssembly
Native extension for WindowsStandalone target not found
Refreshing native plugins compatible for Editor in 2.04 ms, found 1 plugins.
Preloading 0 native plugins for Editor in 0.00 ms.
Mono: successfully reloaded assembly
- Completed reload, in  6.416 seconds
Platform modules already initialized, skipping
========================================================================
Worker process is ready to serve import requests
Launched and connected shader compiler UnityShaderCompiler.exe after 0.23 seconds
Refreshing native plugins compatible for Editor in 2.04 ms, found 1 plugins.
Preloading 0 native plugins for Editor in 0.00 ms.
Unloading 2674 Unused Serialized files (Serialized files now loaded: 0)
System memory in use before: 101.2 MB.
System memory in use after: 101.4 MB.

Unloading 15 unused Assets to reduce memory usage. Loaded Objects now: 3131.
Total: 7.661400 ms (FindLiveObjects: 0.596800 ms CreateObjectMapping: 0.538700 ms MarkObjects: 6.243900 ms  DeleteObjects: 0.278100 ms)

========================================================================
Received Import Request.
  path: Assets/Scripts/GameManager.cs
  artifactKey: Guid(508c53e6655273d4d80d643c819d0e97) Importer(815301076,1909f56bfc062723c751e8b465ee728b)
Start importing Assets/Scripts/GameManager.cs using Guid(508c53e6655273d4d80d643c819d0e97) Importer(815301076,1909f56bfc062723c751e8b465ee728b)  -> (artifact id: '0aac52e6f7a49e536f4f187037676598') in 0.648253 seconds 
========================================================================
Received Import Request.
  Time since last request: 0.001169 seconds.
  path: Assets/Scripts/CamHolder.cs
  artifactKey: Guid(5293deed269a66c43a908d90a982808b) Importer(815301076,1909f56bfc062723c751e8b465ee728b)
Start importing Assets/Scripts/CamHolder.cs using Guid(5293deed269a66c43a908d90a982808b) Importer(815301076,1909f56bfc062723c751e8b465ee728b)  -> (artifact id: '6cfe0ac58faa129c9fd170b7211c2ebf') in 0.042223 seconds 
========================================================================
Received Import Request.
  Time since last request: 0.001306 seconds.
  path: Assets/Scripts/Enemy.cs
  artifactKey: Guid(352f35a3ab93df64f86c078a6b208cee) Importer(815301076,1909f56bfc062723c751e8b465ee728b)
Start importing Assets/Scripts/Enemy.cs using Guid(352f35a3ab93df64f86c078a6b208cee) Importer(815301076,1909f56bfc062723c751e8b465ee728b)  -> (artifact id: '5f049a01a0ff2cab300030b04e2ade94') in 0.034690 seconds 
========================================================================
Received Import Request.
  Time since last request: 0.001186 seconds.
  path: Assets/Scripts/Bullet.cs
  artifactKey: Guid(cdb3e09463cfde54fb570632ba175448) Importer(815301076,1909f56bfc062723c751e8b465ee728b)
Start importing Assets/Scripts/Bullet.cs using Guid(cdb3e09463cfde54fb570632ba175448) Importer(815301076,1909f56bfc062723c751e8b465ee728b)  -> (artifact id: '9434d41fc42a67ea61e57d0e5a09f1f4') in 0.033782 seconds 
========================================================================
Received Import Request.
  Time since last request: 547.991131 seconds.
  path: Assets/Scenes/Play
  artifactKey: Guid(6378a690199f73e4e9c3da0df9bc9e5c) Importer(815301076,1909f56bfc062723c751e8b465ee728b)
Start importing Assets/Scenes/Play using Guid(6378a690199f73e4e9c3da0df9bc9e5c) Importer(815301076,1909f56bfc062723c751e8b465ee728b)  -> (artifact id: 'e0937fa88d2150f6ccac36b13552c70d') in 0.041355 seconds 
========================================================================
Received Prepare
Registering precompiled user dll's ...
Registered in 0.021224 seconds.
Begin MonoManager ReloadAssembly
Native extension for WindowsStandalone target not found
Refreshing native plugins compatible for Editor in 2.04 ms, found 1 plugins.
Preloading 0 native plugins for Editor in 0.00 ms.
Mono: successfully reloaded assembly
- Completed reload, in  4.559 seconds
Platform modules already initialized, skipping
Refreshing native plugins compatible for Editor in 2.25 ms, found 1 plugins.
Preloading 0 native plugins for Editor in 0.00 ms.
Unloading 2668 Unused Serialized files (Serialized files now loaded: 0)
System memory in use before: 101.1 MB.
System memory in use after: 101.3 MB.

Unloading 10 unused Assets to reduce memory usage. Loaded Objects now: 3134.
Total: 9.080400 ms (FindLiveObjects: 0.767400 ms CreateObjectMapping: 0.530300 ms MarkObjects: 7.546200 ms  DeleteObjects: 0.232200 ms)

========================================================================
Received Prepare
Registering precompiled user dll's ...
Registered in 0.029717 seconds.
Begin MonoManager ReloadAssembly
Native extension for WindowsStandalone target not found
Refreshing native plugins compatible for Editor in 3.04 ms, found 1 plugins.
Preloading 0 native plugins for Editor in 0.00 ms.
Mono: successfully reloaded assembly
- Completed reload, in  6.425 seconds
Platform modules already initialized, skipping
Refreshing native plugins compatible for Editor in 2.39 ms, found 1 plugins.
Preloading 0 native plugins for Editor in 0.00 ms.
Unloading 2668 Unused Serialized files (Serialized files now loaded: 0)
System memory in use before: 101.1 MB.
System memory in use after: 101.3 MB.

Unloading 10 unused Assets to reduce memory usage. Loaded Objects now: 3137.
Total: 11.650200 ms (FindLiveObjects: 1.310700 ms CreateObjectMapping: 1.498500 ms MarkObjects: 8.654000 ms  DeleteObjects: 0.181500 ms)

========================================================================
Received Prepare
Registering precompiled user dll's ...
Registered in 0.022191 seconds.
Begin MonoManager ReloadAssembly
Native extension for WindowsStandalone target not found
Refreshing native plugins compatible for Editor in 1.85 ms, found 1 plugins.
Preloading 0 native plugins for Editor in 0.00 ms.
Mono: successfully reloaded assembly
- Completed reload, in  4.725 seconds
Platform modules already initialized, skipping
Refreshing native plugins compatible for Editor in 2.95 ms, found 1 plugins.
Preloading 0 native plugins for Editor in 0.00 ms.
Unloading 2668 Unused Serialized files (Serialized files now loaded: 0)
System memory in use before: 101.2 MB.
System memory in use after: 101.4 MB.

Unloading 10 unused Assets to reduce memory usage. Loaded Objects now: 3140.
Total: 9.842600 ms (FindLiveObjects: 0.976600 ms CreateObjectMapping: 0.969900 ms MarkObjects: 7.637000 ms  DeleteObjects: 0.253800 ms)

========================================================================
Received Prepare
Registering precompiled user dll's ...
Registered in 0.021948 seconds.
Begin MonoManager ReloadAssembly
Native extension for WindowsStandalone target not found
Refreshing native plugins compatible for Editor in 2.00 ms, found 1 plugins.
Preloading 0 native plugins for Editor in 0.00 ms.
Mono: successfully reloaded assembly
- Completed reload, in  4.591 seconds
Platform modules already initialized, skipping
Refreshing native plugins compatible for Editor in 1.95 ms, found 1 plugins.
Preloading 0 native plugins for Editor in 0.00 ms.
Unloading 2668 Unused Serialized files (Serialized files now loaded: 0)
System memory in use before: 101.2 MB.
System memory in use after: 101.4 MB.

Unloading 10 unused Assets to reduce memory usage. Loaded Objects now: 3143.
Total: 8.577200 ms (FindLiveObjects: 0.643600 ms CreateObjectMapping: 0.455600 ms MarkObjects: 7.233500 ms  DeleteObjects: 0.240300 ms)

AssetImportWorkerClient::OnTransportError - code=2 error=End of file
